<?xml version="1.0" encoding="UTF-8"?>
<testsuites>
  <testsuite id="0" name="/Users/tommykronstal/GitProjects/2dv612-team3-project/backend/__tests__/sum.test.js" errors="0" package="/Users/tommykronstal/GitProjects/2dv612-team3-project/backend/__tests__/sum.test.js" hostname="localhost" tests="1" failures="0" time="0.467" timestamp="2017-11-21T08:47:27">
    <properties>
    </properties>
    <testcase classname="adds 1 + 2 equal 3" name="adds 1 + 2 equal 3" time="0">
    </testcase>
    <system-out/>
    <system-err/>
  </testsuite>
</testsuites>